<?xml version="1.0" encoding="UTF-8"?>
<testsuite name="com.bridgelabz.moodanalysertest.MoodAnalyserTest" tests="2" skipped="0" failures="0" errors="0" timestamp="2021-07-05T13:41:31" hostname="DESKTOP-QB7MQ3O" time="0.038">
  <properties/>
  <testcase name="givenIAmInAnyMood_shouldReturnHappy()" classname="com.bridgelabz.moodanalysertest.MoodAnalyserTest" time="0.035"/>
  <testcase name="givenIAmInSadMood_shouldReturnSad()" classname="com.bridgelabz.moodanalysertest.MoodAnalyserTest" time="0.001"/>
  <system-out><![CDATA[]]></system-out>
  <system-err><![CDATA[]]></system-err>
</testsuite>
